<?xml version="1.0" encoding="UTF-8"?>
<testng-results skipped="0" failed="0" total="1" passed="1">
  <reporter-output>
  </reporter-output>
  <suite name="Default suite" duration-ms="296" started-at="2018-01-05T21:45:27Z" finished-at="2018-01-05T21:45:28Z">
    <groups>
      <group name="cucumber">
        <method signature="AbstractTestNGCucumberTests.feature(cucumber.api.testng.CucumberFeatureWrapper)[pri:0, instance:myproject.ShoppingTestRunner@ae45eb6]" name="feature" class="cucumber.api.testng.AbstractTestNGCucumberTests"/>
      </group> <!-- cucumber -->
    </groups>
    <test name="Default test" duration-ms="296" started-at="2018-01-05T21:45:27Z" finished-at="2018-01-05T21:45:28Z">
      <class name="myproject.ShoppingTestRunner">
        <test-method status="PASS" signature="setUpClass()[pri:0, instance:myproject.ShoppingTestRunner@ae45eb6]" name="setUpClass" is-config="true" duration-ms="123" started-at="2018-01-05T13:45:27Z" finished-at="2018-01-05T13:45:27Z">
          <reporter-output>
          </reporter-output>
        </test-method> <!-- setUpClass -->
        <test-method status="PASS" signature="feature(cucumber.api.testng.CucumberFeatureWrapper)[pri:0, instance:myproject.ShoppingTestRunner@ae45eb6]" name="feature" duration-ms="105" started-at="2018-01-05T13:45:27Z" description="Runs Cucumber Feature" data-provider="features" finished-at="2018-01-05T13:45:28Z">
          <params>
            <param index="0">
              <value>
                <![CDATA[Check my amazon cart]]>
              </value>
            </param>
          </params>
          <reporter-output>
          </reporter-output>
        </test-method> <!-- feature -->
        <test-method status="PASS" signature="tearDownClass()[pri:0, instance:myproject.ShoppingTestRunner@ae45eb6]" name="tearDownClass" is-config="true" duration-ms="4" started-at="2018-01-05T13:45:28Z" finished-at="2018-01-05T13:45:28Z">
          <reporter-output>
          </reporter-output>
        </test-method> <!-- tearDownClass -->
      </class> <!-- myproject.ShoppingTestRunner -->
    </test> <!-- Default test -->
  </suite> <!-- Default suite -->
</testng-results>
